<?xml version="1.0" encoding="UTF-8"?>
<!-- Generated by org.testng.reporters.JUnitXMLReporter -->
<testsuite ignored="0" hostname="LAPTOP-HM8TA1NR" failures="0" tests="3" name="Default test" time="17.257" errors="0" timestamp="2020-08-04T16:54:41 IST">
  <testcase classname="com.maveric.core.cucumber.CucumberBaseTest" name="Initiate the Password API with valid fields and verify the Expected Result" time="8.901"/>
  <testcase classname="com.maveric.core.cucumber.CucumberBaseTest" name="Initiate the Password API with valid fields and verify the Expected Result" time="4.464"/>
  <testcase classname="com.maveric.core.cucumber.CucumberBaseTest" name="Initiate the Password API with valid fields and verify the Expected Result" time="3.515"/>
</testsuite> <!-- Default test -->
